<?xml version="1.0" encoding="UTF-8"?>
<!-- Generated by org.testng.reporters.JUnitReportReporter -->
<testsuite hostname="DESKTOP-K9RG9Q4" failures="0" tests="1" name="com.inetbanking.testcases.TC_LoginTest_001" time="9.041" errors="0" timestamp="2022-04-05T16:53:32 IST" skipped="0">
  <testcase classname="com.inetbanking.testcases.TC_LoginTest_001" name="loginTest" time="9.041"/>
  <system-out/>
</testsuite> <!-- com.inetbanking.testcases.TC_LoginTest_001 -->
